<?xml version="1.0" encoding="UTF-8"?>
<!-- Generated by org.testng.reporters.JUnitReportReporter -->
<testsuite hostname="LAPTOP-O2KMHTIH" failures="0" tests="1" name="testCases.TC_002_LoginTest" time="1.791" errors="0" timestamp="2023-06-15T23:16:32 IST" skipped="0">
  <testcase classname="testCases.TC_002_LoginTest" name="test_Login" time="1.791"/>
  <system-out/>
</testsuite> <!-- testCases.TC_002_LoginTest -->
